0 info it worked if it ends with ok
1 verbose cli [ '/usr/local/bin/node',
1 verbose cli   '/usr/local/bin/npm',
1 verbose cli   'install',
1 verbose cli   'bson@4.20' ]
2 info using npm@2.14.7
3 info using node@v4.2.2
4 verbose install initial load of /var/opt/nginxweb/package.json
5 verbose installManyTop reading scoped package data from /var/opt/nginxweb/node_modules/bluebird/package.json
6 verbose installManyTop reading scoped package data from /var/opt/nginxweb/node_modules/body-parser/package.json
7 verbose installManyTop reading scoped package data from /var/opt/nginxweb/node_modules/bson/package.json
8 verbose installManyTop reading scoped package data from /var/opt/nginxweb/node_modules/composable-middleware/package.json
9 verbose installManyTop reading scoped package data from /var/opt/nginxweb/node_modules/compression/package.json
10 verbose installManyTop reading scoped package data from /var/opt/nginxweb/node_modules/connect-livereload/package.json
11 verbose installManyTop reading scoped package data from /var/opt/nginxweb/node_modules/connect-mongo/package.json
12 verbose installManyTop reading scoped package data from /var/opt/nginxweb/node_modules/cookie-parser/package.json
13 verbose installManyTop reading scoped package data from /var/opt/nginxweb/node_modules/ejs/package.json
14 verbose installManyTop reading scoped package data from /var/opt/nginxweb/node_modules/errorhandler/package.json
15 verbose installManyTop reading scoped package data from /var/opt/nginxweb/node_modules/express/package.json
16 verbose installManyTop reading scoped package data from /var/opt/nginxweb/node_modules/express-jwt/package.json
17 verbose installManyTop reading scoped package data from /var/opt/nginxweb/node_modules/express-session/package.json
18 verbose installManyTop reading scoped package data from /var/opt/nginxweb/node_modules/forever/package.json
19 verbose installManyTop reading scoped package data from /var/opt/nginxweb/node_modules/grunt/package.json
20 verbose installManyTop reading scoped package data from /var/opt/nginxweb/node_modules/grunt-angular-templates/package.json
21 verbose installManyTop reading scoped package data from /var/opt/nginxweb/node_modules/grunt-asset-injector/package.json
22 verbose installManyTop reading scoped package data from /var/opt/nginxweb/node_modules/grunt-autoprefixer/package.json
23 verbose installManyTop reading scoped package data from /var/opt/nginxweb/node_modules/grunt-build-control/package.json
24 verbose installManyTop reading scoped package data from /var/opt/nginxweb/node_modules/grunt-concurrent/package.json
25 verbose installManyTop reading scoped package data from /var/opt/nginxweb/node_modules/grunt-contrib-clean/package.json
26 verbose installManyTop reading scoped package data from /var/opt/nginxweb/node_modules/grunt-contrib-concat/package.json
27 verbose installManyTop reading scoped package data from /var/opt/nginxweb/node_modules/grunt-contrib-copy/package.json
28 verbose installManyTop reading scoped package data from /var/opt/nginxweb/node_modules/grunt-contrib-cssmin/package.json
29 verbose installManyTop reading scoped package data from /var/opt/nginxweb/node_modules/grunt-contrib-htmlmin/package.json
30 verbose installManyTop reading scoped package data from /var/opt/nginxweb/node_modules/grunt-contrib-imagemin/package.json
31 verbose installManyTop reading scoped package data from /var/opt/nginxweb/node_modules/grunt-contrib-jshint/package.json
32 verbose installManyTop reading scoped package data from /var/opt/nginxweb/node_modules/grunt-contrib-sass/package.json
33 verbose installManyTop reading scoped package data from /var/opt/nginxweb/node_modules/grunt-contrib-uglify/package.json
34 verbose installManyTop reading scoped package data from /var/opt/nginxweb/node_modules/grunt-contrib-watch/package.json
35 verbose installManyTop reading scoped package data from /var/opt/nginxweb/node_modules/grunt-dom-munger/package.json
36 verbose installManyTop reading scoped package data from /var/opt/nginxweb/node_modules/grunt-env/package.json
37 verbose installManyTop reading scoped package data from /var/opt/nginxweb/node_modules/grunt-express-server/package.json
38 verbose installManyTop reading scoped package data from /var/opt/nginxweb/node_modules/grunt-google-cdn/package.json
39 verbose installManyTop reading scoped package data from /var/opt/nginxweb/node_modules/grunt-karma/package.json
40 verbose installManyTop reading scoped package data from /var/opt/nginxweb/node_modules/grunt-mocha-test/package.json
41 verbose installManyTop reading scoped package data from /var/opt/nginxweb/node_modules/grunt-newer/package.json
42 verbose installManyTop reading scoped package data from /var/opt/nginxweb/node_modules/grunt-ng-annotate/package.json
43 verbose installManyTop reading scoped package data from /var/opt/nginxweb/node_modules/grunt-nodemon/package.json
44 verbose installManyTop reading scoped package data from /var/opt/nginxweb/node_modules/grunt-open/package.json
45 verbose installManyTop reading scoped package data from /var/opt/nginxweb/node_modules/grunt-protractor-runner/package.json
46 verbose installManyTop reading scoped package data from /var/opt/nginxweb/node_modules/grunt-rev/package.json
47 verbose installManyTop reading scoped package data from /var/opt/nginxweb/node_modules/grunt-svgmin/package.json
48 verbose installManyTop reading scoped package data from /var/opt/nginxweb/node_modules/grunt-usemin/package.json
49 verbose installManyTop reading scoped package data from /var/opt/nginxweb/node_modules/grunt-wiredep/package.json
50 verbose installManyTop reading scoped package data from /var/opt/nginxweb/node_modules/jit-grunt/package.json
51 verbose installManyTop reading scoped package data from /var/opt/nginxweb/node_modules/jshint-stylish/package.json
52 verbose installManyTop reading scoped package data from /var/opt/nginxweb/node_modules/jsonwebtoken/package.json
53 verbose installManyTop reading scoped package data from /var/opt/nginxweb/node_modules/karma/package.json
54 verbose installManyTop reading scoped package data from /var/opt/nginxweb/node_modules/karma-chrome-launcher/package.json
55 verbose installManyTop reading scoped package data from /var/opt/nginxweb/node_modules/karma-coffee-preprocessor/package.json
56 verbose installManyTop reading scoped package data from /var/opt/nginxweb/node_modules/karma-firefox-launcher/package.json
57 verbose installManyTop reading scoped package data from /var/opt/nginxweb/node_modules/karma-html2js-preprocessor/package.json
58 verbose installManyTop reading scoped package data from /var/opt/nginxweb/node_modules/karma-jade-preprocessor/package.json
59 verbose installManyTop reading scoped package data from /var/opt/nginxweb/node_modules/karma-jasmine/package.json
60 verbose installManyTop reading scoped package data from /var/opt/nginxweb/node_modules/karma-ng-html2js-preprocessor/package.json
61 verbose installManyTop reading scoped package data from /var/opt/nginxweb/node_modules/karma-ng-jade2js-preprocessor/package.json
62 verbose installManyTop reading scoped package data from /var/opt/nginxweb/node_modules/karma-ng-scenario/package.json
63 verbose installManyTop reading scoped package data from /var/opt/nginxweb/node_modules/karma-phantomjs-launcher/package.json
64 verbose installManyTop reading scoped package data from /var/opt/nginxweb/node_modules/karma-requirejs/package.json
65 verbose installManyTop reading scoped package data from /var/opt/nginxweb/node_modules/karma-script-launcher/package.json
66 verbose installManyTop reading scoped package data from /var/opt/nginxweb/node_modules/line-reader/package.json
67 verbose installManyTop reading scoped package data from /var/opt/nginxweb/node_modules/lodash/package.json
68 verbose installManyTop reading scoped package data from /var/opt/nginxweb/node_modules/method-override/package.json
69 verbose installManyTop reading scoped package data from /var/opt/nginxweb/node_modules/mongodb/package.json
70 verbose installManyTop reading scoped package data from /var/opt/nginxweb/node_modules/mongoose/package.json
71 verbose installManyTop reading scoped package data from /var/opt/nginxweb/node_modules/morgan/package.json
72 verbose installManyTop reading scoped package data from /var/opt/nginxweb/node_modules/node-regexp/package.json
73 verbose installManyTop reading scoped package data from /var/opt/nginxweb/node_modules/open/package.json
74 verbose installManyTop reading scoped package data from /var/opt/nginxweb/node_modules/passport/package.json
75 verbose installManyTop reading scoped package data from /var/opt/nginxweb/node_modules/passport-local/package.json
76 verbose installManyTop reading scoped package data from /var/opt/nginxweb/node_modules/requirejs/package.json
77 verbose installManyTop reading scoped package data from /var/opt/nginxweb/node_modules/sass/package.json
78 verbose installManyTop reading scoped package data from /var/opt/nginxweb/node_modules/serve-favicon/package.json
79 verbose installManyTop reading scoped package data from /var/opt/nginxweb/node_modules/shelljs/package.json
80 verbose installManyTop reading scoped package data from /var/opt/nginxweb/node_modules/should/package.json
81 verbose installManyTop reading scoped package data from /var/opt/nginxweb/node_modules/socket.io/package.json
82 verbose installManyTop reading scoped package data from /var/opt/nginxweb/node_modules/socket.io-client/package.json
83 verbose installManyTop reading scoped package data from /var/opt/nginxweb/node_modules/socketio-jwt/package.json
84 verbose installManyTop reading scoped package data from /var/opt/nginxweb/node_modules/supertest/package.json
85 verbose installManyTop reading scoped package data from /var/opt/nginxweb/node_modules/time-grunt/package.json
86 verbose installManyTop reading scoped package data from /var/opt/nginxweb/node_modules/util/package.json
87 verbose installManyTop reading scoped package data from /var/opt/nginxweb/node_modules/validator/package.json
88 info package.json composable-middleware@0.3.0 No license field.
89 info package.json connect-livereload@0.4.1 No license field.
90 info package.json connect-mongo@0.4.2 No license field.
91 info package.json cookie-parser@1.0.1 No license field.
92 info package.json ejs@0.8.8 No license field.
93 info package.json express-jwt@0.1.4 No license field.
94 info package.json grunt@0.4.5 No license field.
95 info package.json grunt-asset-injector@0.1.0 No license field.
96 info package.json grunt-build-control@0.1.3 No license field.
97 info package.json grunt-concurrent@0.5.0 No license field.
98 info package.json grunt-contrib-clean@0.5.0 No license field.
99 info package.json grunt-contrib-concat@0.4.0 No license field.
100 info package.json grunt-contrib-copy@0.5.0 No license field.
101 info package.json grunt-contrib-cssmin@0.9.0 No license field.
102 info package.json grunt-contrib-htmlmin@0.2.0 No license field.
103 info package.json grunt-contrib-imagemin@0.7.2 No license field.
104 info package.json grunt-contrib-jshint@0.10.0 No license field.
105 info package.json grunt-contrib-uglify@0.4.1 No license field.
106 info package.json grunt-contrib-watch@0.6.1 No license field.
107 info package.json grunt-dom-munger@3.4.0 No license field.
108 info package.json grunt-env@0.4.4 No license field.
109 info package.json grunt-express-server@0.4.19 No license field.
110 info package.json grunt-google-cdn@0.4.3 license should be a valid SPDX license expression
111 info package.json grunt-mocha-test@0.10.2 No license field.
112 info package.json grunt-newer@0.7.0 No license field.
113 info package.json grunt-ng-annotate@0.2.3 No license field.
114 info package.json grunt-open@0.2.3 No license field.
115 info package.json grunt-protractor-runner@1.2.1 No license field.
116 info package.json grunt-rev@0.1.0 No license field.
117 info package.json grunt-svgmin@0.4.0 No license field.
118 info package.json grunt-usemin@2.1.1 license should be a valid SPDX license expression
119 info package.json grunt-wiredep@1.8.0 No license field.
120 info package.json node-regexp@0.1.1 No license field.
121 info package.json passport-local@0.1.6 No license field.
122 info package.json requirejs@2.1.22 No license field.
123 info package.json should@3.3.2 No license field.
124 info package.json grunt-angular-templates@0.5.9 No license field.
125 info package.json grunt-contrib-sass@0.7.4 No license field.
126 info package.json line-reader@0.3.0 No license field.
127 info package.json mongoose@3.8.37 No license field.
128 info package.json sass@0.5.0 No repository field.
129 info package.json sass@0.5.0 No license field.
130 info package.json shelljs@0.5.3 license should be a valid SPDX license expression
131 info package.json socket.io@1.3.7 No license field.
132 info package.json util@0.10.3 util is also the name of a node core module.
133 verbose readDependencies loading dependencies from /var/opt/nginxweb/package.json
134 silly cache add args [ 'bson@4.20', null ]
135 verbose cache add spec bson@4.20
136 silly cache add parsed spec Result {
136 silly cache add   raw: 'bson@4.20',
136 silly cache add   scope: null,
136 silly cache add   name: 'bson',
136 silly cache add   rawSpec: '4.20',
136 silly cache add   spec: '>=4.20.0 <4.21.0',
136 silly cache add   type: 'range' }
137 silly addNamed bson@>=4.20.0 <4.21.0
138 verbose addNamed ">=4.20.0 <4.21.0" is a valid semver range for bson
139 silly addNameRange { name: 'bson', range: '>=4.20.0 <4.21.0', hasData: false }
140 silly mapToRegistry name bson
141 silly mapToRegistry using default registry
142 silly mapToRegistry registry https://registry.npmjs.org/
143 silly mapToRegistry uri https://registry.npmjs.org/bson
144 verbose addNameRange registry:https://registry.npmjs.org/bson not in flight; fetching
145 verbose request uri https://registry.npmjs.org/bson
146 verbose request no auth needed
147 info attempt registry request try #1 at 09:48:36
148 verbose request id fb64eba69650fba6
149 http request GET https://registry.npmjs.org/bson
150 http 200 https://registry.npmjs.org/bson
151 verbose headers { server: 'CouchDB/1.5.0 (Erlang OTP/R16B03)',
151 verbose headers   etag: '"3JA7YUYKYJEJYJTYC81GGPDTG"',
151 verbose headers   'content-type': 'application/json',
151 verbose headers   'cache-control': 'max-age=300',
151 verbose headers   'content-length': '82104',
151 verbose headers   'accept-ranges': 'bytes',
151 verbose headers   date: 'Tue, 22 Dec 2015 09:48:36 GMT',
151 verbose headers   via: '1.1 varnish',
151 verbose headers   age: '204',
151 verbose headers   connection: 'keep-alive',
151 verbose headers   'x-served-by': 'cache-lhr6330-LHR',
151 verbose headers   'x-cache': 'HIT',
151 verbose headers   'x-cache-hits': '3',
151 verbose headers   'x-timer': 'S1450777716.905118,VS0,VE0',
151 verbose headers   vary: 'Accept' }
152 silly get cb [ 200,
152 silly get   { server: 'CouchDB/1.5.0 (Erlang OTP/R16B03)',
152 silly get     etag: '"3JA7YUYKYJEJYJTYC81GGPDTG"',
152 silly get     'content-type': 'application/json',
152 silly get     'cache-control': 'max-age=300',
152 silly get     'content-length': '82104',
152 silly get     'accept-ranges': 'bytes',
152 silly get     date: 'Tue, 22 Dec 2015 09:48:36 GMT',
152 silly get     via: '1.1 varnish',
152 silly get     age: '204',
152 silly get     connection: 'keep-alive',
152 silly get     'x-served-by': 'cache-lhr6330-LHR',
152 silly get     'x-cache': 'HIT',
152 silly get     'x-cache-hits': '3',
152 silly get     'x-timer': 'S1450777716.905118,VS0,VE0',
152 silly get     vary: 'Accept' } ]
153 verbose get saving bson to /root/.npm/registry.npmjs.org/bson/.cache.json
154 silly addNameRange number 2 { name: 'bson', range: '>=4.20.0 <4.21.0', hasData: true }
155 silly addNameRange versions [ 'bson',
155 silly addNameRange   [ '0.0.1',
155 silly addNameRange     '0.0.2',
155 silly addNameRange     '0.0.3',
155 silly addNameRange     '0.0.4',
155 silly addNameRange     '0.0.5',
155 silly addNameRange     '0.0.6',
155 silly addNameRange     '0.0.7',
155 silly addNameRange     '0.0.8',
155 silly addNameRange     '0.0.9',
155 silly addNameRange     '0.1.0',
155 silly addNameRange     '0.1.1',
155 silly addNameRange     '0.1.3',
155 silly addNameRange     '0.1.4',
155 silly addNameRange     '0.1.5',
155 silly addNameRange     '0.1.6',
155 silly addNameRange     '0.1.7',
155 silly addNameRange     '0.1.8',
155 silly addNameRange     '0.1.9',
155 silly addNameRange     '0.2.0',
155 silly addNameRange     '0.2.1',
155 silly addNameRange     '0.2.2',
155 silly addNameRange     '0.2.3',
155 silly addNameRange     '0.2.4',
155 silly addNameRange     '0.2.5',
155 silly addNameRange     '0.2.6',
155 silly addNameRange     '0.2.7',
155 silly addNameRange     '0.2.8',
155 silly addNameRange     '0.2.9',
155 silly addNameRange     '0.2.10',
155 silly addNameRange     '0.2.11',
155 silly addNameRange     '0.2.12',
155 silly addNameRange     '0.2.13',
155 silly addNameRange     '0.2.14',
155 silly addNameRange     '0.2.15',
155 silly addNameRange     '0.2.16',
155 silly addNameRange     '0.2.17',
155 silly addNameRange     '0.2.18',
155 silly addNameRange     '0.2.19',
155 silly addNameRange     '0.2.20',
155 silly addNameRange     '0.2.21',
155 silly addNameRange     '0.3.0',
155 silly addNameRange     '0.3.1',
155 silly addNameRange     '0.3.2',
155 silly addNameRange     '0.4.0',
155 silly addNameRange     '0.4.1',
155 silly addNameRange     '0.4.2',
155 silly addNameRange     '0.4.3',
155 silly addNameRange     '0.4.4',
155 silly addNameRange     '0.4.5',
155 silly addNameRange     '0.4.6',
155 silly addNameRange     '0.4.7',
155 silly addNameRange     '0.4.8',
155 silly addNameRange     '0.2.22',
155 silly addNameRange     '0.4.10',
155 silly addNameRange     '0.4.12',
155 silly addNameRange     '0.4.13',
155 silly addNameRange     '0.4.14',
155 silly addNameRange     '0.4.15',
155 silly addNameRange     '0.4.16',
155 silly addNameRange     '0.4.17',
155 silly addNameRange     '0.4.18',
155 silly addNameRange     '0.4.19',
155 silly addNameRange     '0.4.20' ] ]
156 verbose stack Error: No compatible version found: bson@'>=4.20.0 <4.21.0'
156 verbose stack Valid install targets:
156 verbose stack ["0.0.1","0.0.2","0.0.3","0.0.4","0.0.5","0.0.6","0.0.7","0.0.8","0.0.9","0.1.0","0.1.1","0.1.3","0.1.4","0.1.5","0.1.6","0.1.7","0.1.8","0.1.9","0.2.0","0.2.1","0.2.2","0.2.3","0.2.4","0.2.5","0.2.6","0.2.7","0.2.8","0.2.9","0.2.10","0.2.11","0.2.12","0.2.13","0.2.14","0.2.15","0.2.16","0.2.17","0.2.18","0.2.19","0.2.20","0.2.21","0.3.0","0.3.1","0.3.2","0.4.0","0.4.1","0.4.2","0.4.3","0.4.4","0.4.5","0.4.6","0.4.7","0.4.8","0.2.22","0.4.10","0.4.12","0.4.13","0.4.14","0.4.15","0.4.16","0.4.17","0.4.18","0.4.19","0.4.20"]
156 verbose stack
156 verbose stack     at installTargetsError (/usr/local/lib/node_modules/npm/lib/cache/add-named.js:284:12)
156 verbose stack     at next (/usr/local/lib/node_modules/npm/lib/cache/add-named.js:262:19)
156 verbose stack     at setData (/usr/local/lib/node_modules/npm/lib/cache/add-named.js:236:5)
156 verbose stack     at RES (/usr/local/lib/node_modules/npm/node_modules/inflight/inflight.js:23:14)
156 verbose stack     at f (/usr/local/lib/node_modules/npm/node_modules/once/once.js:17:25)
156 verbose stack     at fixName (/usr/local/lib/node_modules/npm/lib/cache/add-named.js:29:5)
156 verbose stack     at saved (/usr/local/lib/node_modules/npm/lib/cache/caching-client.js:173:7)
156 verbose stack     at /usr/local/lib/node_modules/npm/node_modules/graceful-fs/polyfills.js:210:7
156 verbose stack     at FSReqWrap.oncomplete (fs.js:82:15)
157 verbose cwd /var/opt/nginxweb/server
158 error Linux 3.10.0-229.20.1.el7.x86_64
159 error argv "/usr/local/bin/node" "/usr/local/bin/npm" "install" "bson@4.20"
160 error node v4.2.2
161 error npm  v2.14.7
162 error code ETARGET
163 error notarget No compatible version found: bson@'>=4.20.0 <4.21.0'
163 error notarget Valid install targets:
163 error notarget ["0.0.1","0.0.2","0.0.3","0.0.4","0.0.5","0.0.6","0.0.7","0.0.8","0.0.9","0.1.0","0.1.1","0.1.3","0.1.4","0.1.5","0.1.6","0.1.7","0.1.8","0.1.9","0.2.0","0.2.1","0.2.2","0.2.3","0.2.4","0.2.5","0.2.6","0.2.7","0.2.8","0.2.9","0.2.10","0.2.11","0.2.12","0.2.13","0.2.14","0.2.15","0.2.16","0.2.17","0.2.18","0.2.19","0.2.20","0.2.21","0.3.0","0.3.1","0.3.2","0.4.0","0.4.1","0.4.2","0.4.3","0.4.4","0.4.5","0.4.6","0.4.7","0.4.8","0.2.22","0.4.10","0.4.12","0.4.13","0.4.14","0.4.15","0.4.16","0.4.17","0.4.18","0.4.19","0.4.20"]
163 error notarget
163 error notarget This is most likely not a problem with npm itself.
163 error notarget In most cases you or one of your dependencies are requesting
163 error notarget a package version that doesn't exist.
163 error notarget
163 error notarget It was specified as a dependency of 'admintool'
164 verbose exit [ 1, true ]
